<?xml version="1.0" encoding="UTF-8" ?>
<testsuite failures="0" time="0.008" errors="0" skipped="0" tests="1" name="com.p90puma.arduinowsbasicclient.AppTest">
  <properties>
    <property name="java.runtime.name" value="Java(TM) SE Runtime Environment"/>
    <property name="sun.boot.library.path" value="C:\Program Files\Java\jdk1.6.0_20\jre\bin"/>
    <property name="java.vm.version" value="16.3-b01"/>
    <property name="java.vm.vendor" value="Sun Microsystems Inc."/>
    <property name="java.vendor.url" value="http://java.sun.com/"/>
    <property name="path.separator" value=";"/>
    <property name="java.vm.name" value="Java HotSpot(TM) 64-Bit Server VM"/>
    <property name="file.encoding.pkg" value="sun.io"/>
    <property name="user.country" value="CA"/>
    <property name="sun.java.launcher" value="SUN_STANDARD"/>
    <property name="sun.os.patch.level" value="Service Pack 1"/>
    <property name="java.vm.specification.name" value="Java Virtual Machine Specification"/>
    <property name="user.dir" value="C:\Users\P90Puma\Documents\Arduino\SerialToIR\ArduinoWSBasicClient"/>
    <property name="java.runtime.version" value="1.6.0_20-b02"/>
    <property name="netbeans.deploy" value="true"/>
    <property name="java.awt.graphicsenv" value="sun.awt.Win32GraphicsEnvironment"/>
    <property name="basedir" value="C:\Users\P90Puma\Documents\Arduino\SerialToIR\ArduinoWSBasicClient"/>
    <property name="java.endorsed.dirs" value="C:\Program Files\Java\jdk1.6.0_20\jre\lib\endorsed"/>
    <property name="os.arch" value="amd64"/>
    <property name="surefire.real.class.path" value="C:\Users\P90Puma\Documents\Arduino\SerialToIR\ArduinoWSBasicClient\target\surefire\surefirebooter7579391829461986978.jar"/>
    <property name="java.io.tmpdir" value="C:\Users\P90Puma\AppData\Local\Temp\"/>
    <property name="line.separator" value="
"/>
    <property name="java.vm.specification.vendor" value="Sun Microsystems Inc."/>
    <property name="user.variant" value=""/>
    <property name="os.name" value="Windows 7"/>
    <property name="sun.jnu.encoding" value="Cp1252"/>
    <property name="java.library.path" value="C:\Program Files\Java\jdk1.6.0_20\jre\bin;.;C:\Windows\Sun\Java\bin;C:\Windows\system32;C:\Windows;C:\Program Files (x86)\WinAVR-20100110\bin;C:\Program Files (x86)\WinAVR-20100110\utils\bin;C:\Program Files (x86)\AMD APP\bin\x86_64;C:\Program Files (x86)\AMD APP\bin\x86;C:\Program Files (x86)\NVIDIA Corporation\PhysX\Common;C:\Program Files\Common Files\Microsoft Shared\Windows Live;C:\Program Files (x86)\Common Files\Microsoft Shared\Windows Live;C:\Windows\system32;C:\Windows;C:\Windows\System32\Wbem;C:\Windows\System32\WindowsPowerShell\v1.0\;C:\Program Files (x86)\ATI Technologies\ATI.ACE\Core-Static;C:\Program Files (x86)\Calibre2\;C:\Program Files (x86)\QuickTime\QTSystem\;C:\Program Files (x86)\Windows Live\Shared;C:\Program Files (x86)\Git\cmd"/>
    <property name="surefire.test.class.path" value="C:\Users\P90Puma\Documents\Arduino\SerialToIR\ArduinoWSBasicClient\target\test-classes;C:\Users\P90Puma\Documents\Arduino\SerialToIR\ArduinoWSBasicClient\target\classes;C:\Users\P90Puma\.m2\repository\junit\junit\3.8.1\junit-3.8.1.jar;C:\Users\P90Puma\.m2\repository\javax\javaee-api\6.0\javaee-api-6.0.jar;C:\Users\P90Puma\.m2\repository\org\apache\cxf\cxf-rt-frontend-jaxws\2.2.3\cxf-rt-frontend-jaxws-2.2.3.jar;C:\Users\P90Puma\.m2\repository\xml-resolver\xml-resolver\1.2\xml-resolver-1.2.jar;C:\Users\P90Puma\.m2\repository\org\apache\geronimo\specs\geronimo-jaxws_2.1_spec\1.0\geronimo-jaxws_2.1_spec-1.0.jar;C:\Users\P90Puma\.m2\repository\org\apache\geronimo\specs\geronimo-activation_1.1_spec\1.0.2\geronimo-activation_1.1_spec-1.0.2.jar;C:\Users\P90Puma\.m2\repository\org\apache\geronimo\specs\geronimo-ws-metadata_2.0_spec\1.1.2\geronimo-ws-metadata_2.0_spec-1.1.2.jar;C:\Users\P90Puma\.m2\repository\asm\asm\2.2.3\asm-2.2.3.jar;C:\Users\P90Puma\.m2\repository\org\apache\cxf\cxf-api\2.2.3\cxf-api-2.2.3.jar;C:\Users\P90Puma\.m2\repository\org\apache\cxf\cxf-common-utilities\2.2.3\cxf-common-utilities-2.2.3.jar;C:\Users\P90Puma\.m2\repository\org\apache\geronimo\specs\geronimo-stax-api_1.0_spec\1.0.1\geronimo-stax-api_1.0_spec-1.0.1.jar;C:\Users\P90Puma\.m2\repository\wsdl4j\wsdl4j\1.6.2\wsdl4j-1.6.2.jar;C:\Users\P90Puma\.m2\repository\commons-lang\commons-lang\2.4\commons-lang-2.4.jar;C:\Users\P90Puma\.m2\repository\org\apache\ws\commons\schema\XmlSchema\1.4.5\XmlSchema-1.4.5.jar;C:\Users\P90Puma\.m2\repository\org\apache\geronimo\specs\geronimo-annotation_1.0_spec\1.1.1\geronimo-annotation_1.0_spec-1.1.1.jar;C:\Users\P90Puma\.m2\repository\org\codehaus\woodstox\wstx-asl\3.2.8\wstx-asl-3.2.8.jar;C:\Users\P90Puma\.m2\repository\org\apache\neethi\neethi\2.0.4\neethi-2.0.4.jar;C:\Users\P90Puma\.m2\repository\org\apache\cxf\cxf-common-schemas\2.2.3\cxf-common-schemas-2.2.3.jar;C:\Users\P90Puma\.m2\repository\org\apache\cxf\cxf-rt-core\2.2.3\cxf-rt-core-2.2.3.jar;C:\Users\P90Puma\.m2\repository\com\sun\xml\bind\jaxb-impl\2.1.12\jaxb-impl-2.1.12.jar;C:\Users\P90Puma\.m2\repository\org\springframework\spring-core\2.5.5\spring-core-2.5.5.jar;C:\Users\P90Puma\.m2\repository\org\apache\geronimo\specs\geronimo-javamail_1.4_spec\1.6\geronimo-javamail_1.4_spec-1.6.jar;C:\Users\P90Puma\.m2\repository\com\sun\xml\fastinfoset\FastInfoset\1.2.7\FastInfoset-1.2.7.jar;C:\Users\P90Puma\.m2\repository\org\apache\cxf\cxf-rt-bindings-soap\2.2.3\cxf-rt-bindings-soap-2.2.3.jar;C:\Users\P90Puma\.m2\repository\org\apache\cxf\cxf-tools-common\2.2.3\cxf-tools-common-2.2.3.jar;C:\Users\P90Puma\.m2\repository\org\apache\cxf\cxf-rt-databinding-jaxb\2.2.3\cxf-rt-databinding-jaxb-2.2.3.jar;C:\Users\P90Puma\.m2\repository\javax\xml\bind\jaxb-api\2.1\jaxb-api-2.1.jar;C:\Users\P90Puma\.m2\repository\org\apache\cxf\cxf-rt-bindings-xml\2.2.3\cxf-rt-bindings-xml-2.2.3.jar;C:\Users\P90Puma\.m2\repository\org\apache\cxf\cxf-rt-frontend-simple\2.2.3\cxf-rt-frontend-simple-2.2.3.jar;C:\Users\P90Puma\.m2\repository\org\apache\cxf\cxf-rt-ws-addr\2.2.3\cxf-rt-ws-addr-2.2.3.jar;C:\Users\P90Puma\.m2\repository\javax\xml\soap\saaj-api\1.3\saaj-api-1.3.jar;C:\Users\P90Puma\.m2\repository\com\sun\xml\messaging\saaj\saaj-impl\1.3.2\saaj-impl-1.3.2.jar;C:\Users\P90Puma\.m2\repository\org\apache\cxf\cxf-rt-transports-http\2.2.3\cxf-rt-transports-http-2.2.3.jar;C:\Users\P90Puma\.m2\repository\org\springframework\spring-web\2.5.5\spring-web-2.5.5.jar;C:\Users\P90Puma\.m2\repository\commons-logging\commons-logging\1.1.1\commons-logging-1.1.1.jar;C:\Users\P90Puma\.m2\repository\org\springframework\spring-beans\2.5.5\spring-beans-2.5.5.jar;C:\Users\P90Puma\.m2\repository\org\springframework\spring-context\2.5.5\spring-context-2.5.5.jar;C:\Users\P90Puma\.m2\repository\aopalliance\aopalliance\1.0\aopalliance-1.0.jar;C:\Users\P90Puma\.m2\repository\org\apache\cxf\cxf-rt-transports-http-jetty\2.2.3\cxf-rt-transports-http-jetty-2.2.3.jar;C:\Users\P90Puma\.m2\repository\org\mortbay\jetty\jetty\6.1.19\jetty-6.1.19.jar;C:\Users\P90Puma\.m2\repository\org\mortbay\jetty\jetty-util\6.1.19\jetty-util-6.1.19.jar;C:\Users\P90Puma\.m2\repository\org\slf4j\slf4j-jdk14\1.5.8\slf4j-jdk14-1.5.8.jar;C:\Users\P90Puma\.m2\repository\org\slf4j\slf4j-api\1.5.8\slf4j-api-1.5.8.jar;C:\Users\P90Puma\.m2\repository\org\apache\geronimo\specs\geronimo-servlet_2.5_spec\1.2\geronimo-servlet_2.5_spec-1.2.jar;"/>
    <property name="java.specification.name" value="Java Platform API Specification"/>
    <property name="java.class.version" value="50.0"/>
    <property name="sun.management.compiler" value="HotSpot 64-Bit Server Compiler"/>
    <property name="os.version" value="6.1"/>
    <property name="user.home" value="C:\Users\P90Puma"/>
    <property name="user.timezone" value=""/>
    <property name="java.awt.printerjob" value="sun.awt.windows.WPrinterJob"/>
    <property name="java.specification.version" value="1.6"/>
    <property name="file.encoding" value="Cp1252"/>
    <property name="user.name" value="P90Puma"/>
    <property name="java.class.path" value="C:\Users\P90Puma\Documents\Arduino\SerialToIR\ArduinoWSBasicClient\target\test-classes;C:\Users\P90Puma\Documents\Arduino\SerialToIR\ArduinoWSBasicClient\target\classes;C:\Users\P90Puma\.m2\repository\junit\junit\3.8.1\junit-3.8.1.jar;C:\Users\P90Puma\.m2\repository\javax\javaee-api\6.0\javaee-api-6.0.jar;C:\Users\P90Puma\.m2\repository\org\apache\cxf\cxf-rt-frontend-jaxws\2.2.3\cxf-rt-frontend-jaxws-2.2.3.jar;C:\Users\P90Puma\.m2\repository\xml-resolver\xml-resolver\1.2\xml-resolver-1.2.jar;C:\Users\P90Puma\.m2\repository\org\apache\geronimo\specs\geronimo-jaxws_2.1_spec\1.0\geronimo-jaxws_2.1_spec-1.0.jar;C:\Users\P90Puma\.m2\repository\org\apache\geronimo\specs\geronimo-activation_1.1_spec\1.0.2\geronimo-activation_1.1_spec-1.0.2.jar;C:\Users\P90Puma\.m2\repository\org\apache\geronimo\specs\geronimo-ws-metadata_2.0_spec\1.1.2\geronimo-ws-metadata_2.0_spec-1.1.2.jar;C:\Users\P90Puma\.m2\repository\asm\asm\2.2.3\asm-2.2.3.jar;C:\Users\P90Puma\.m2\repository\org\apache\cxf\cxf-api\2.2.3\cxf-api-2.2.3.jar;C:\Users\P90Puma\.m2\repository\org\apache\cxf\cxf-common-utilities\2.2.3\cxf-common-utilities-2.2.3.jar;C:\Users\P90Puma\.m2\repository\org\apache\geronimo\specs\geronimo-stax-api_1.0_spec\1.0.1\geronimo-stax-api_1.0_spec-1.0.1.jar;C:\Users\P90Puma\.m2\repository\wsdl4j\wsdl4j\1.6.2\wsdl4j-1.6.2.jar;C:\Users\P90Puma\.m2\repository\commons-lang\commons-lang\2.4\commons-lang-2.4.jar;C:\Users\P90Puma\.m2\repository\org\apache\ws\commons\schema\XmlSchema\1.4.5\XmlSchema-1.4.5.jar;C:\Users\P90Puma\.m2\repository\org\apache\geronimo\specs\geronimo-annotation_1.0_spec\1.1.1\geronimo-annotation_1.0_spec-1.1.1.jar;C:\Users\P90Puma\.m2\repository\org\codehaus\woodstox\wstx-asl\3.2.8\wstx-asl-3.2.8.jar;C:\Users\P90Puma\.m2\repository\org\apache\neethi\neethi\2.0.4\neethi-2.0.4.jar;C:\Users\P90Puma\.m2\repository\org\apache\cxf\cxf-common-schemas\2.2.3\cxf-common-schemas-2.2.3.jar;C:\Users\P90Puma\.m2\repository\org\apache\cxf\cxf-rt-core\2.2.3\cxf-rt-core-2.2.3.jar;C:\Users\P90Puma\.m2\repository\com\sun\xml\bind\jaxb-impl\2.1.12\jaxb-impl-2.1.12.jar;C:\Users\P90Puma\.m2\repository\org\springframework\spring-core\2.5.5\spring-core-2.5.5.jar;C:\Users\P90Puma\.m2\repository\org\apache\geronimo\specs\geronimo-javamail_1.4_spec\1.6\geronimo-javamail_1.4_spec-1.6.jar;C:\Users\P90Puma\.m2\repository\com\sun\xml\fastinfoset\FastInfoset\1.2.7\FastInfoset-1.2.7.jar;C:\Users\P90Puma\.m2\repository\org\apache\cxf\cxf-rt-bindings-soap\2.2.3\cxf-rt-bindings-soap-2.2.3.jar;C:\Users\P90Puma\.m2\repository\org\apache\cxf\cxf-tools-common\2.2.3\cxf-tools-common-2.2.3.jar;C:\Users\P90Puma\.m2\repository\org\apache\cxf\cxf-rt-databinding-jaxb\2.2.3\cxf-rt-databinding-jaxb-2.2.3.jar;C:\Users\P90Puma\.m2\repository\javax\xml\bind\jaxb-api\2.1\jaxb-api-2.1.jar;C:\Users\P90Puma\.m2\repository\org\apache\cxf\cxf-rt-bindings-xml\2.2.3\cxf-rt-bindings-xml-2.2.3.jar;C:\Users\P90Puma\.m2\repository\org\apache\cxf\cxf-rt-frontend-simple\2.2.3\cxf-rt-frontend-simple-2.2.3.jar;C:\Users\P90Puma\.m2\repository\org\apache\cxf\cxf-rt-ws-addr\2.2.3\cxf-rt-ws-addr-2.2.3.jar;C:\Users\P90Puma\.m2\repository\javax\xml\soap\saaj-api\1.3\saaj-api-1.3.jar;C:\Users\P90Puma\.m2\repository\com\sun\xml\messaging\saaj\saaj-impl\1.3.2\saaj-impl-1.3.2.jar;C:\Users\P90Puma\.m2\repository\org\apache\cxf\cxf-rt-transports-http\2.2.3\cxf-rt-transports-http-2.2.3.jar;C:\Users\P90Puma\.m2\repository\org\springframework\spring-web\2.5.5\spring-web-2.5.5.jar;C:\Users\P90Puma\.m2\repository\commons-logging\commons-logging\1.1.1\commons-logging-1.1.1.jar;C:\Users\P90Puma\.m2\repository\org\springframework\spring-beans\2.5.5\spring-beans-2.5.5.jar;C:\Users\P90Puma\.m2\repository\org\springframework\spring-context\2.5.5\spring-context-2.5.5.jar;C:\Users\P90Puma\.m2\repository\aopalliance\aopalliance\1.0\aopalliance-1.0.jar;C:\Users\P90Puma\.m2\repository\org\apache\cxf\cxf-rt-transports-http-jetty\2.2.3\cxf-rt-transports-http-jetty-2.2.3.jar;C:\Users\P90Puma\.m2\repository\org\mortbay\jetty\jetty\6.1.19\jetty-6.1.19.jar;C:\Users\P90Puma\.m2\repository\org\mortbay\jetty\jetty-util\6.1.19\jetty-util-6.1.19.jar;C:\Users\P90Puma\.m2\repository\org\slf4j\slf4j-jdk14\1.5.8\slf4j-jdk14-1.5.8.jar;C:\Users\P90Puma\.m2\repository\org\slf4j\slf4j-api\1.5.8\slf4j-api-1.5.8.jar;C:\Users\P90Puma\.m2\repository\org\apache\geronimo\specs\geronimo-servlet_2.5_spec\1.2\geronimo-servlet_2.5_spec-1.2.jar;"/>
    <property name="java.vm.specification.version" value="1.0"/>
    <property name="sun.arch.data.model" value="64"/>
    <property name="java.home" value="C:\Program Files\Java\jdk1.6.0_20\jre"/>
    <property name="netbeans.execution" value="true"/>
    <property name="java.specification.vendor" value="Sun Microsystems Inc."/>
    <property name="user.language" value="en"/>
    <property name="awt.toolkit" value="sun.awt.windows.WToolkit"/>
    <property name="java.vm.info" value="mixed mode"/>
    <property name="java.version" value="1.6.0_20"/>
    <property name="java.ext.dirs" value="C:\Program Files\Java\jdk1.6.0_20\jre\lib\ext;C:\Windows\Sun\Java\lib\ext"/>
    <property name="sun.boot.class.path" value="C:\Program Files\Java\jdk1.6.0_20\jre\lib\resources.jar;C:\Program Files\Java\jdk1.6.0_20\jre\lib\rt.jar;C:\Program Files\Java\jdk1.6.0_20\jre\lib\sunrsasign.jar;C:\Program Files\Java\jdk1.6.0_20\jre\lib\jsse.jar;C:\Program Files\Java\jdk1.6.0_20\jre\lib\jce.jar;C:\Program Files\Java\jdk1.6.0_20\jre\lib\charsets.jar;C:\Program Files\Java\jdk1.6.0_20\jre\classes"/>
    <property name="java.vendor" value="Sun Microsystems Inc."/>
    <property name="localRepository" value="C:\Users\P90Puma\.m2\repository"/>
    <property name="file.separator" value="\"/>
    <property name="java.vendor.url.bug" value="http://java.sun.com/cgi-bin/bugreport.cgi"/>
    <property name="sun.cpu.endian" value="little"/>
    <property name="sun.io.unicode.encoding" value="UnicodeLittle"/>
    <property name="sun.desktop" value="windows"/>
    <property name="sun.cpu.isalist" value="amd64"/>
  </properties>
  <testcase time="0.001" classname="com.p90puma.arduinowsbasicclient.AppTest" name="testApp"/>
</testsuite>